<?xml version="1.0" encoding="UTF-8" ?>
<testsuite tests="5" failures="0" name="RegressionL1T0Test" time="0" errors="0" skipped="0">
  <properties>
[...]
</properties>
  <testcase classname="RegressionL1T0Test0" name="test1" time="0"/>
  <testcase classname="RegressionL1T0Test0" name="test2" time="0"/>
  <testcase classname="RegressionL1T0Test0" name="test3" time="0"/>
  <testcase classname="RegressionL1T0Test0" name="test4" time="0"/>
  <testcase classname="RegressionL1T0Test0" name="test5" time="0"/>
</testsuite>