<?xml version="1.0" encoding="UTF-8" standalone="yes"?><!DOCTYPE report PUBLIC "-//JACOCO//DTD Report 1.1//EN" "report.dtd"><report name="T9"><sessioninfo id="MacBook-Pro-di-Salvatore.local-ee245462" start="1681831774950" dump="1681831775630"/><sessioninfo id="MacBook-Pro-di-Salvatore.local-89b8318e" start="1681832808624" dump="1681832809399"/><sessioninfo id="MacBook-Pro-di-Salvatore.local-1cd0bbc4" start="1681833026675" dump="1681833027521"/><sessioninfo id="MacBook-Pro-di-Salvatore.local-db49905a" start="1682075988712" dump="1682075989557"/><sessioninfo id="MacBook-Pro-di-Salvatore.local-802ec042" start="1682075990140" dump="1682075990646"/><sessioninfo id="MacBook-Pro-di-Salvatore.local-ec89e24" start="1682078698753" dump="1682078699528"/><sessioninfo id="MacBook-Pro-di-Salvatore.local-97a7d74" start="1682078701990" dump="1682078702562"/><sessioninfo id="MacBook-Pro-di-Salvatore.local-1132a33c" start="1683208989161" dump="1683208989921"/><sessioninfo id="MacBook-Pro-di-Salvatore.local-db1ce323" start="1683208998046" dump="1683208998678"/><sessioninfo id="MacBook-Pro-di-Salvatore.local-d185be5f" start="1683209007404" dump="1683209008109"/><sessioninfo id="MacBook-Pro-di-Salvatore.local-830a094e" start="1683210661605" dump="1683210662293"/><sessioninfo id="MacBook-Pro-di-Salvatore.local-183b55f4" start="1683210773215" dump="1683210773774"/><sessioninfo id="MacBook-Pro-di-Salvatore.local-12706ec5" start="1683210778227" dump="1683210778838"/><sessioninfo id="MacBook-Pro-di-Salvatore.local-4c5d8d72" start="1683210783100" dump="1683210783643"/><sessioninfo id="MacBook-Pro-di-Salvatore.local-ccbe63bc" start="1683210788021" dump="1683210788643"/><sessioninfo id="MacBook-Pro-di-Salvatore.local-d3606474" start="1683210792625" dump="1683210793160"/><sessioninfo id="MacBook-Pro-di-Salvatore.local-df26cfb" start="1683210797835" dump="1683210798424"/><sessioninfo id="MacBook-Pro-di-Salvatore.local-7f776cd5" start="1683210803628" dump="1683210804438"/><sessioninfo id="MacBook-Pro-di-Salvatore.local-81e428dd" start="1683210808552" dump="1683210809089"/><sessioninfo id="MacBook-Pro-di-Salvatore.local-2fa35d1" start="1683210813000" dump="1683210813615"/><sessioninfo id="MacBook-Pro-di-Salvatore.local-e3746dca" start="1683210818001" dump="1683210818670"/><sessioninfo id="MacBook-Pro-di-Salvatore.local-a676808" start="1683210823093" dump="1683210823700"/><sessioninfo id="MacBook-Pro-di-Salvatore.local-f0bdd5b5" start="1683210831657" dump="1683210832313"/><sessioninfo id="MacBook-Pro-di-Salvatore.local-87068c56" start="1683210871154" dump="1683210871703"/><sessioninfo id="MacBook-Pro-di-Salvatore.local-ff2e2136" start="1683210891170" dump="1683210891820"/><sessioninfo id="MacBook-Pro-di-Salvatore.local-66bafc64" start="1683210910459" dump="1683210911116"/><sessioninfo id="MacBook-Pro-di-Salvatore.local-608f0d4e" start="1683211011573" dump="1683211012207"/><sessioninfo id="MacBook-Pro-di-Salvatore.local-be68c646" start="1683211681961" dump="1683211682638"/><sessioninfo id="MacBook-Pro-di-Salvatore.local-24f6853e" start="1683211800295" dump="1683211800883"/><sessioninfo id="MacBook-Pro-di-Salvatore.local-999f66f4" start="1683211885941" dump="1683211886567"/><sessioninfo id="MacBook-Pro-di-Salvatore.local-c22a0ab3" start="1683211989046" dump="1683211989715"/><package name=""><class name="Calcolatrice" sourcefilename="Calcolatrice.java"><method name="&lt;init&gt;" desc="()V" line="1"><counter type="INSTRUCTION" missed="0" covered="3"/><counter type="LINE" missed="0" covered="1"/><counter type="COMPLEXITY" missed="0" covered="1"/><counter type="METHOD" missed="0" covered="1"/></method><method name="somma" desc="(II)I" line="4"><counter type="INSTRUCTION" missed="0" covered="4"/><counter type="LINE" missed="0" covered="1"/><counter type="COMPLEXITY" missed="0" covered="1"/><counter type="METHOD" missed="0" covered="1"/></method><method name="sottrazione" desc="(II)I" line="8"><counter type="INSTRUCTION" missed="0" covered="4"/><counter type="LINE" missed="0" covered="1"/><counter type="COMPLEXITY" missed="0" covered="1"/><counter type="METHOD" missed="0" covered="1"/></method><method name="divisione" desc="(II)F" line="12"><counter type="INSTRUCTION" missed="0" covered="6"/><counter type="LINE" missed="0" covered="1"/><counter type="COMPLEXITY" missed="0" covered="1"/><counter type="METHOD" missed="0" covered="1"/></method><method name="moltiplicazione" desc="(II)I" line="16"><counter type="INSTRUCTION" missed="0" covered="4"/><counter type="LINE" missed="0" covered="1"/><counter type="COMPLEXITY" missed="0" covered="1"/><counter type="METHOD" missed="0" covered="1"/></method><counter type="INSTRUCTION" missed="0" covered="21"/><counter type="LINE" missed="0" covered="5"/><counter type="COMPLEXITY" missed="0" covered="5"/><counter type="METHOD" missed="0" covered="5"/><counter type="CLASS" missed="0" covered="1"/></class><sourcefile name="Calcolatrice.java"><line nr="1" mi="0" ci="3" mb="0" cb="0"/><line nr="4" mi="0" ci="4" mb="0" cb="0"/><line nr="8" mi="0" ci="4" mb="0" cb="0"/><line nr="12" mi="0" ci="6" mb="0" cb="0"/><line nr="16" mi="0" ci="4" mb="0" cb="0"/><counter type="INSTRUCTION" missed="0" covered="21"/><counter type="LINE" missed="0" covered="5"/><counter type="COMPLEXITY" missed="0" covered="5"/><counter type="METHOD" missed="0" covered="5"/><counter type="CLASS" missed="0" covered="1"/></sourcefile><counter type="INSTRUCTION" missed="0" covered="21"/><counter type="LINE" missed="0" covered="5"/><counter type="COMPLEXITY" missed="0" covered="5"/><counter type="METHOD" missed="0" covered="5"/><counter type="CLASS" missed="0" covered="1"/></package><counter type="INSTRUCTION" missed="0" covered="21"/><counter type="LINE" missed="0" covered="5"/><counter type="COMPLEXITY" missed="0" covered="5"/><counter type="METHOD" missed="0" covered="5"/><counter type="CLASS" missed="0" covered="1"/></report>